<?xml version="1.0" encoding="UTF-8"?>
<testng-results ignored="0" total="0" passed="0" failed="0" skipped="0">
  <reporter-output>
  </reporter-output>
  <suite started-at="2020-08-11T09:27:00 EDT" name="Smoke Test Suite" finished-at="2020-08-11T09:27:00 EDT" duration-ms="8">
    <groups>
    </groups>
    <test started-at="2020-08-11T09:27:00 EDT" name="Add Functionality" finished-at="2020-08-11T09:27:00 EDT" duration-ms="8">
    </test> <!-- Add Functionality -->
  </suite> <!-- Smoke Test Suite -->
</testng-results>
