<?xml version="1.0" encoding="UTF-8"?>
<testng-results ignored="0" total="1" passed="1" failed="0" skipped="0">
  <reporter-output>
  </reporter-output>
  <suite started-at="2020-08-22T08:22:56 EDT" name="Smoke Test Suite" finished-at="2020-08-22T08:23:24 EDT" duration-ms="28109">
    <groups>
      <group name="cucumber">
        <method signature="AbstractTestNGCucumberTests.runScenario(io.cucumber.testng.PickleWrapper, io.cucumber.testng.FeatureWrapper)[pri:0, instance:com.noorteck.qa.runners.SmokeTestRunner@4d5b6aac]" name="runScenario" class="io.cucumber.testng.AbstractTestNGCucumberTests"/>
      </group> <!-- cucumber -->
    </groups>
    <test started-at="2020-08-22T08:22:56 EDT" name="Add Functionality" finished-at="2020-08-22T08:23:24 EDT" duration-ms="28109">
      <class name="com.noorteck.qa.runners.SmokeTestRunner">
        <test-method is-config="true" signature="setUpClass()[pri:0, instance:com.noorteck.qa.runners.SmokeTestRunner@4d5b6aac]" started-at="2020-08-22T08:22:56 EDT" name="setUpClass" finished-at="2020-08-22T08:22:56 EDT" duration-ms="316" status="PASS">
          <reporter-output>
          </reporter-output>
        </test-method> <!-- setUpClass -->
        <test-method signature="runScenario(io.cucumber.testng.PickleWrapper, io.cucumber.testng.FeatureWrapper)[pri:0, instance:com.noorteck.qa.runners.SmokeTestRunner@4d5b6aac]" started-at="2020-08-22T08:22:56 EDT" name="runScenario" description="Runs Cucumber Scenarios" data-provider="scenarios" finished-at="2020-08-22T08:23:24 EDT" duration-ms="27662" status="PASS">
          <params>
            <param index="0">
              <value>
                <![CDATA["Verify employee username"]]>
              </value>
            </param>
            <param index="1">
              <value>
                <![CDATA["Optional[User Page Feature]"]]>
              </value>
            </param>
          </params>
          <reporter-output>
          </reporter-output>
        </test-method> <!-- runScenario -->
        <test-method is-config="true" signature="tearDownClass()[pri:0, instance:com.noorteck.qa.runners.SmokeTestRunner@4d5b6aac]" started-at="2020-08-22T08:23:24 EDT" name="tearDownClass" finished-at="2020-08-22T08:23:24 EDT" duration-ms="105" status="PASS">
          <reporter-output>
          </reporter-output>
        </test-method> <!-- tearDownClass -->
      </class> <!-- com.noorteck.qa.runners.SmokeTestRunner -->
    </test> <!-- Add Functionality -->
  </suite> <!-- Smoke Test Suite -->
</testng-results>
